<?xml version="1.0" encoding="UTF-8"?>
<testsuite name="AccountServiceTest" tests="1" skipped="0" failures="1" errors="0" timestamp="2023-09-02T08:07:20" hostname="JAEM" time="7.316">
  <properties/>
  <testcase name="start" classname="AccountServiceTest" time="7.316">
    <failure message="java.lang.AssertionError: Wrong answer in test #19&#10;&#10;Get /api/empl/payment should respond with status code 200, responded: 400&#10;User must login!&#10;Authentication with johndoe@acme.com / oMoa3VvqnLxW" type="java.lang.AssertionError">java.lang.AssertionError: Wrong answer in test #19

Get /api/empl/payment should respond with status code 200, responded: 400
User must login!
Authentication with johndoe@acme.com / oMoa3VvqnLxW
	at org.junit.Assert.fail(Assert.java:89)
	at org.hyperskill.hstest.stage.StageTest.start(StageTest.java:203)
	at java.base/jdk.internal.reflect.NativeMethodAccessorImpl.invoke0(Native Method)
	at java.base/jdk.internal.reflect.NativeMethodAccessorImpl.invoke(NativeMethodAccessorImpl.java:77)
	at java.base/jdk.internal.reflect.DelegatingMethodAccessorImpl.invoke(DelegatingMethodAccessorImpl.java:43)
	at java.base/java.lang.reflect.Method.invoke(Method.java:568)
	at org.junit.runners.model.FrameworkMethod$1.runReflectiveCall(FrameworkMethod.java:59)
	at org.junit.internal.runners.model.ReflectiveCallable.run(ReflectiveCallable.java:12)
	at org.junit.runners.model.FrameworkMethod.invokeExplosively(FrameworkMethod.java:56)
	at org.junit.internal.runners.statements.InvokeMethod.evaluate(InvokeMethod.java:17)
	at org.junit.internal.runners.statements.RunAfters.evaluate(RunAfters.java:27)
	at org.junit.runners.ParentRunner$3.evaluate(ParentRunner.java:306)
	at org.junit.runners.BlockJUnit4ClassRunner$1.evaluate(BlockJUnit4ClassRunner.java:100)
	at org.junit.runners.ParentRunner.runLeaf(ParentRunner.java:366)
	at org.junit.runners.BlockJUnit4ClassRunner.runChild(BlockJUnit4ClassRunner.java:103)
	at org.junit.runners.BlockJUnit4ClassRunner.runChild(BlockJUnit4ClassRunner.java:63)
	at org.junit.runners.ParentRunner$4.run(ParentRunner.java:331)
	at org.junit.runners.ParentRunner$1.schedule(ParentRunner.java:79)
	at org.junit.runners.ParentRunner.runChildren(ParentRunner.java:329)
	at org.junit.runners.ParentRunner.access$100(ParentRunner.java:66)
	at org.junit.runners.ParentRunner$2.evaluate(ParentRunner.java:293)
	at org.junit.runners.ParentRunner$3.evaluate(ParentRunner.java:306)
	at org.junit.runners.ParentRunner.run(ParentRunner.java:413)
	at org.gradle.api.internal.tasks.testing.junit.JUnitTestClassExecutor.runTestClass(JUnitTestClassExecutor.java:110)
	at org.gradle.api.internal.tasks.testing.junit.JUnitTestClassExecutor.execute(JUnitTestClassExecutor.java:58)
	at org.gradle.api.internal.tasks.testing.junit.JUnitTestClassExecutor.execute(JUnitTestClassExecutor.java:38)
	at org.gradle.api.internal.tasks.testing.junit.AbstractJUnitTestClassProcessor.processTestClass(AbstractJUnitTestClassProcessor.java:62)
	at org.gradle.api.internal.tasks.testing.SuiteTestClassProcessor.processTestClass(SuiteTestClassProcessor.java:51)
	at java.base/jdk.internal.reflect.NativeMethodAccessorImpl.invoke0(Native Method)
	at java.base/jdk.internal.reflect.NativeMethodAccessorImpl.invoke(NativeMethodAccessorImpl.java:77)
	at java.base/jdk.internal.reflect.DelegatingMethodAccessorImpl.invoke(DelegatingMethodAccessorImpl.java:43)
	at java.base/java.lang.reflect.Method.invoke(Method.java:568)
	at org.gradle.internal.dispatch.ReflectionDispatch.dispatch(ReflectionDispatch.java:36)
	at org.gradle.internal.dispatch.ReflectionDispatch.dispatch(ReflectionDispatch.java:24)
	at org.gradle.internal.dispatch.ContextClassLoaderDispatch.dispatch(ContextClassLoaderDispatch.java:33)
	at org.gradle.internal.dispatch.ProxyDispatchAdapter$DispatchingInvocationHandler.invoke(ProxyDispatchAdapter.java:94)
	at jdk.proxy1/jdk.proxy1.$Proxy2.processTestClass(Unknown Source)
	at org.gradle.api.internal.tasks.testing.worker.TestWorker$2.run(TestWorker.java:176)
	at org.gradle.api.internal.tasks.testing.worker.TestWorker.executeAndMaintainThreadName(TestWorker.java:129)
	at org.gradle.api.internal.tasks.testing.worker.TestWorker.execute(TestWorker.java:100)
	at org.gradle.api.internal.tasks.testing.worker.TestWorker.execute(TestWorker.java:60)
	at org.gradle.process.internal.worker.child.ActionExecutionWorker.execute(ActionExecutionWorker.java:56)
	at org.gradle.process.internal.worker.child.SystemApplicationClassLoaderWorker.call(SystemApplicationClassLoaderWorker.java:133)
	at org.gradle.process.internal.worker.child.SystemApplicationClassLoaderWorker.call(SystemApplicationClassLoaderWorker.java:71)
	at worker.org.gradle.process.internal.worker.GradleWorkerMain.run(GradleWorkerMain.java:69)
	at worker.org.gradle.process.internal.worker.GradleWorkerMain.main(GradleWorkerMain.java:74)
</failure>
  </testcase>
  <system-out><![CDATA[?[1;31m
Start test 1?[0m
?[0;34m
?[0m?[0;34m  .   ____          _            __ _ _
?[0m?[0;34m /\\ / ___'_ __ _ _(_)_ __  __ _ \ \ \ \
?[0m?[0;34m( ( )\___ | '_ | '_| | '_ \/ _` | \ \ \ \
?[0m?[0;34m \\/  ___)| |_)| | | | | || (_| |  ) ) ) )
?[0m?[0;34m  '  |____| .__|_| |_|_| |_\__, | / / / /
?[0m?[0;34m =========|_|==============|___/=/_/_/_/
?[0m?[0;34m :: Spring Boot ::                (v2.5.6)
?[0m?[0;34m
?[0m?[0;34m2023-09-02 17:07:21.322  INFO 9288 --- [    Test worker] account.AccountServiceApplicationKt      : Starting AccountServiceApplicationKt using Java 17.0.7 on JAEM with PID 9288 (started by jaemc in C:\Users\jaemc\Downloads\Account Service (Kotlin)\Account Service (Kotlin)\task)
?[0m?[0;34m2023-09-02 17:07:21.325  INFO 9288 --- [    Test worker] account.AccountServiceApplicationKt      : No active profile set, falling back to default profiles: default
?[0m?[0;34m2023-09-02 17:07:22.181  INFO 9288 --- [    Test worker] .s.d.r.c.RepositoryConfigurationDelegate : Bootstrapping Spring Data JPA repositories in DEFAULT mode.
?[0m?[0;34m2023-09-02 17:07:22.232  INFO 9288 --- [    Test worker] .s.d.r.c.RepositoryConfigurationDelegate : Finished Spring Data repository scanning in 43 ms. Found 2 JPA repository interfaces.
?[0m?[0;34m2023-09-02 17:07:22.722  INFO 9288 --- [    Test worker] o.s.b.w.embedded.tomcat.TomcatWebServer  : Tomcat initialized with port(s): 28852 (http)
?[0m?[0;34m2023-09-02 17:07:22.730  INFO 9288 --- [    Test worker] o.apache.catalina.core.StandardService   : Starting service [Tomcat]
?[0m?[0;34m2023-09-02 17:07:22.731  INFO 9288 --- [    Test worker] org.apache.catalina.core.StandardEngine  : Starting Servlet engine: [Apache Tomcat/9.0.54]
?[0m?[0;34m2023-09-02 17:07:22.813  INFO 9288 --- [    Test worker] o.a.c.c.C.[Tomcat].[localhost].[/]       : Initializing Spring embedded WebApplicationContext
?[0m?[0;34m2023-09-02 17:07:22.815  INFO 9288 --- [    Test worker] w.s.c.ServletWebServerApplicationContext : Root WebApplicationContext: initialization completed in 1449 ms
?[0m?[0;34m2023-09-02 17:07:22.908  INFO 9288 --- [    Test worker] com.zaxxer.hikari.HikariDataSource       : HikariPool-1 - Starting...
?[0m?[0;34m2023-09-02 17:07:23.058  INFO 9288 --- [    Test worker] com.zaxxer.hikari.HikariDataSource       : HikariPool-1 - Start completed.
?[0m?[0;34m2023-09-02 17:07:23.064  INFO 9288 --- [    Test worker] o.s.b.a.h2.H2ConsoleAutoConfiguration    : H2 console available at '/h2-console'. Database available at 'jdbc:h2:file:../service_db'
?[0m?[0;34m2023-09-02 17:07:23.194  INFO 9288 --- [    Test worker] o.hibernate.jpa.internal.util.LogHelper  : HHH000204: Processing PersistenceUnitInfo [name: default]
?[0m?[0;34m2023-09-02 17:07:23.237  INFO 9288 --- [    Test worker] org.hibernate.Version                    : HHH000412: Hibernate ORM core version 5.4.32.Final
?[0m?[0;34m2023-09-02 17:07:23.372  INFO 9288 --- [    Test worker] o.hibernate.annotations.common.Version   : HCANN000001: Hibernate Commons Annotations {5.1.2.Final}
?[0m?[0;34m2023-09-02 17:07:23.476  INFO 9288 --- [    Test worker] org.hibernate.dialect.Dialect            : HHH000400: Using dialect: org.hibernate.dialect.H2Dialect
?[0m?[0;34mHibernate: create table payment (id bigint not null, employee varchar(255), period varchar(255), salary varchar(255), primary key (id))
?[0m?[0;34mHibernate: create table user (id bigint not null, email VARCHAR_IGNORECASE, lastname varchar(255), name varchar(255), password varchar(255), primary key (id))
?[0m?[0;34mHibernate: alter table payment drop constraint if exists UKibcit9634j1r75yaouml3lo2p
?[0m?[0;34mHibernate: alter table payment add constraint UKibcit9634j1r75yaouml3lo2p unique (employee, period)
?[0m?[0;34mHibernate: create sequence payment_sequence start with 1 increment by 1
?[0m?[0;34mHibernate: create sequence user_sequence start with 1 increment by 1
?[0m?[0;34m2023-09-02 17:07:23.886  INFO 9288 --- [    Test worker] o.h.e.t.j.p.i.JtaPlatformInitiator       : HHH000490: Using JtaPlatform implementation: [org.hibernate.engine.transaction.jta.platform.internal.NoJtaPlatform]
?[0m?[0;34m2023-09-02 17:07:23.894  INFO 9288 --- [    Test worker] j.LocalContainerEntityManagerFactoryBean : Initialized JPA EntityManagerFactory for persistence unit 'default'
?[0m?[0;34m2023-09-02 17:07:24.705  INFO 9288 --- [    Test worker] o.s.s.web.DefaultSecurityFilterChain     : Will secure any request with [org.springframework.security.web.context.request.async.WebAsyncManagerIntegrationFilter@4cd7128, org.springframework.security.web.context.SecurityContextPersistenceFilter@82382d1, org.springframework.security.web.header.HeaderWriterFilter@6fc3f1a7, org.springframework.security.web.authentication.logout.LogoutFilter@59172d2, org.springframework.security.web.authentication.www.BasicAuthenticationFilter@511ad0dd, org.springframework.security.web.savedrequest.RequestCacheAwareFilter@d8a2b1b, org.springframework.security.web.servletapi.SecurityContextHolderAwareRequestFilter@1390a43a, org.springframework.security.web.authentication.AnonymousAuthenticationFilter@22b4ad0c, org.springframework.security.web.session.SessionManagementFilter@189f3ccd, org.springframework.security.web.access.ExceptionTranslationFilter@44c54463, org.springframework.security.web.access.intercept.FilterSecurityInterceptor@244c0fbe]
?[0m?[0;34m2023-09-02 17:07:24.744  WARN 9288 --- [    Test worker] JpaBaseConfiguration$JpaWebConfiguration : spring.jpa.open-in-view is enabled by default. Therefore, database queries may be performed during view rendering. Explicitly configure spring.jpa.open-in-view to disable this warning
?[0m?[0;34m2023-09-02 17:07:25.195  INFO 9288 --- [    Test worker] o.s.b.a.e.web.EndpointLinksResolver      : Exposing 14 endpoint(s) beneath base path '/actuator'
?[0m?[0;34m2023-09-02 17:07:25.231  INFO 9288 --- [    Test worker] o.s.b.w.embedded.tomcat.TomcatWebServer  : Tomcat started on port(s): 28852 (http) with context path ''
?[0m?[0;34m2023-09-02 17:07:25.246  INFO 9288 --- [    Test worker] account.AccountServiceApplicationKt      : Started AccountServiceApplicationKt in 4.186 seconds (JVM running for 4.94)
?[0;34m2023-09-02 17:07:25.516  INFO 9288 --- [io-28852-exec-1] o.a.c.c.C.[Tomcat].[localhost].[/]       : Initializing Spring DispatcherServlet 'dispatcherServlet'
?[0m?[0;34m2023-09-02 17:07:25.516  INFO 9288 --- [io-28852-exec-1] o.s.web.servlet.DispatcherServlet        : Initializing Servlet 'dispatcherServlet'
?[0m?[0;34m2023-09-02 17:07:25.517  INFO 9288 --- [io-28852-exec-1] o.s.web.servlet.DispatcherServlet        : Completed initialization in 1 ms
?[0m?[1;31m
Start test 2?[0m
?[0;34m2023-09-02 17:07:25.701  WARN 9288 --- [io-28852-exec-2] .w.s.m.s.DefaultHandlerExceptionResolver : Resolved [org.springframework.http.converter.HttpMessageNotReadableException: JSON parse error: Instantiation of [simple type, class account.dto.SignUpRequest] value failed for JSON property name due to missing (therefore NULL) value for creator parameter name which is a non-nullable type; nested exception is com.fasterxml.jackson.module.kotlin.MissingKotlinParameterException: Instantiation of [simple type, class account.dto.SignUpRequest] value failed for JSON property name due to missing (therefore NULL) value for creator parameter name which is a non-nullable type<LF> at [Source: (PushbackInputStream); line: 1, column: 71] (through reference chain: account.dto.SignUpRequest["name"])]
?[1;31m
Start test 3?[0m
?[1;31m
Start test 4?[0m
?[0;34m2023-09-02 17:07:25.727  WARN 9288 --- [io-28852-exec-4] .w.s.m.s.DefaultHandlerExceptionResolver : Resolved [org.springframework.http.converter.HttpMessageNotReadableException: JSON parse error: Instantiation of [simple type, class account.dto.SignUpRequest] value failed for JSON property lastname due to missing (therefore NULL) value for creator parameter lastname which is a non-nullable type; nested exception is com.fasterxml.jackson.module.kotlin.MissingKotlinParameterException: Instantiation of [simple type, class account.dto.SignUpRequest] value failed for JSON property lastname due to missing (therefore NULL) value for creator parameter lastname which is a non-nullable type<LF> at [Source: (PushbackInputStream); line: 1, column: 68] (through reference chain: account.dto.SignUpRequest["lastname"])]
?[1;31m
Start test 5?[0m
?[1;31m
Start test 6?[0m
?[0;34m2023-09-02 17:07:25.750  WARN 9288 --- [io-28852-exec-6] .w.s.m.s.DefaultHandlerExceptionResolver : Resolved [org.springframework.http.converter.HttpMessageNotReadableException: JSON parse error: Instantiation of [simple type, class account.dto.SignUpRequest] value failed for JSON property email due to missing (therefore NULL) value for creator parameter email which is a non-nullable type; nested exception is com.fasterxml.jackson.module.kotlin.MissingKotlinParameterException: Instantiation of [simple type, class account.dto.SignUpRequest] value failed for JSON property email due to missing (therefore NULL) value for creator parameter email which is a non-nullable type<LF> at [Source: (PushbackInputStream); line: 1, column: 58] (through reference chain: account.dto.SignUpRequest["email"])]
?[1;31m
Start test 7?[0m
?[1;31m
Start test 8?[0m
?[0;34m2023-09-02 17:07:25.769  WARN 9288 --- [io-28852-exec-8] .w.s.m.s.DefaultHandlerExceptionResolver : Resolved [org.springframework.http.converter.HttpMessageNotReadableException: JSON parse error: Instantiation of [simple type, class account.dto.SignUpRequest] value failed for JSON property password due to missing (therefore NULL) value for creator parameter password which is a non-nullable type; nested exception is com.fasterxml.jackson.module.kotlin.MissingKotlinParameterException: Instantiation of [simple type, class account.dto.SignUpRequest] value failed for JSON property password due to missing (therefore NULL) value for creator parameter password which is a non-nullable type<LF> at [Source: (PushbackInputStream); line: 1, column: 59] (through reference chain: account.dto.SignUpRequest["password"])]
?[1;31m
Start test 9?[0m
?[1;31m
Start test 10?[0m
?[1;31m
Start test 11?[0m
?[1;31m
Start test 12?[0m
?[0;34mHibernate: select user0_.id as id1_1_, user0_.email as email2_1_, user0_.lastname as lastname3_1_, user0_.name as name4_1_, user0_.password as password5_1_ from user user0_ where upper(user0_.email)=upper(?)
?[0m?[0;34mHibernate: call next value for user_sequence
?[0m?[0;34mHibernate: insert into user (email, lastname, name, password, id) values (?, ?, ?, ?, ?)
?[0m?[0;34mHibernate: select user0_.id as id1_1_, user0_.email as email2_1_, user0_.lastname as lastname3_1_, user0_.name as name4_1_, user0_.password as password5_1_ from user user0_ where upper(user0_.email)=upper(?)
?[1;31m
Start test 13?[0m
?[0;34mHibernate: select user0_.id as id1_1_, user0_.email as email2_1_, user0_.lastname as lastname3_1_, user0_.name as name4_1_, user0_.password as password5_1_ from user user0_ where upper(user0_.email)=upper(?)
?[1;31m
Start test 14?[0m
?[0m?[0;34mHibernate: select user0_.id as id1_1_, user0_.email as email2_1_, user0_.lastname as lastname3_1_, user0_.name as name4_1_, user0_.password as password5_1_ from user user0_ where upper(user0_.email)=upper(?)
?[1;31m
Start test 15?[0m
?[0;34mHibernate: select user0_.id as id1_1_, user0_.email as email2_1_, user0_.lastname as lastname3_1_, user0_.name as name4_1_, user0_.password as password5_1_ from user user0_ where upper(user0_.email)=upper(?)
?[1;31m
Start test 16?[0m
?[0m?[0;34mHibernate: select user0_.id as id1_1_, user0_.email as email2_1_, user0_.lastname as lastname3_1_, user0_.name as name4_1_, user0_.password as password5_1_ from user user0_ where upper(user0_.email)=upper(?)
?[0m?[0;34mHibernate: call next value for user_sequence
?[0m?[0;34mHibernate: insert into user (email, lastname, name, password, id) values (?, ?, ?, ?, ?)
?[0;34mHibernate: select user0_.id as id1_1_, user0_.email as email2_1_, user0_.lastname as lastname3_1_, user0_.name as name4_1_, user0_.password as password5_1_ from user user0_ where upper(user0_.email)=upper(?)
?[1;31m
Start test 17?[0m
?[0;34mHibernate: select user0_.id as id1_1_, user0_.email as email2_1_, user0_.lastname as lastname3_1_, user0_.name as name4_1_, user0_.password as password5_1_ from user user0_ where upper(user0_.email)=upper(?)
?[1;31m
Start test 18?[0m
?[0m?[0;34mHibernate: select user0_.id as id1_1_, user0_.email as email2_1_, user0_.lastname as lastname3_1_, user0_.name as name4_1_, user0_.password as password5_1_ from user user0_ where upper(user0_.email)=upper(?)
?[1;31m
Start test 19?[0m
?[0m?[0;34mHibernate: select user0_.id as id1_1_, user0_.email as email2_1_, user0_.lastname as lastname3_1_, user0_.name as name4_1_, user0_.password as password5_1_ from user user0_ where upper(user0_.email)=upper(?)
?[0m?[0;34mHibernate: select payment0_.id as id1_0_, payment0_.employee as employee2_0_, payment0_.period as period3_0_, payment0_.salary as salary4_0_ from payment payment0_ where payment0_.employee=?
?[0m?[0;34mHibernate: select user0_.id as id1_1_, user0_.email as email2_1_, user0_.lastname as lastname3_1_, user0_.name as name4_1_, user0_.password as password5_1_ from user user0_ where upper(user0_.email)=upper(?)
]]></system-out>
  <system-err><![CDATA[]]></system-err>
</testsuite>
