<?xml version="1.0" encoding="UTF-8"?>
<testsuite name="AccountServiceTest" tests="1" skipped="0" failures="0" errors="0" timestamp="2023-08-29T04:45:07" hostname="JAEM" time="48.017">
  <properties/>
  <testcase name="start" classname="AccountServiceTest" time="48.017"/>
  <system-out><![CDATA[?[1;31m
Start test 1?[0m
?[0;34m
?[0m?[0;34m  .   ____          _            __ _ _
?[0m?[0;34m /\\ / ___'_ __ _ _(_)_ __  __ _ \ \ \ \
?[0m?[0;34m( ( )\___ | '_ | '_| | '_ \/ _` | \ \ \ \
?[0m?[0;34m \\/  ___)| |_)| | | | | || (_| |  ) ) ) )
?[0m?[0;34m  '  |____| .__|_| |_|_| |_\__, | / / / /
?[0m?[0;34m =========|_|==============|___/=/_/_/_/
?[0m?[0;34m :: Spring Boot ::                (v2.5.6)
?[0m?[0;34m
?[0m?[0;34m2023-08-29 13:45:08.348  INFO 30160 --- [    Test worker] account.AccountServiceApplicationKt      : Starting AccountServiceApplicationKt using Java 17.0.7 on JAEM with PID 30160 (started by jaemc in C:\Users\jaemc\Downloads\Account Service (Kotlin)\Account Service (Kotlin)\task)
?[0m?[0;34m2023-08-29 13:45:08.351  INFO 30160 --- [    Test worker] account.AccountServiceApplicationKt      : No active profile set, falling back to default profiles: default
?[0m?[0;34m2023-08-29 13:45:09.157  INFO 30160 --- [    Test worker] .s.d.r.c.RepositoryConfigurationDelegate : Bootstrapping Spring Data JPA repositories in DEFAULT mode.
?[0m?[0;34m2023-08-29 13:45:09.206  INFO 30160 --- [    Test worker] .s.d.r.c.RepositoryConfigurationDelegate : Finished Spring Data repository scanning in 42 ms. Found 1 JPA repository interfaces.
?[0m?[0;34m2023-08-29 13:45:09.661  INFO 30160 --- [    Test worker] o.s.b.w.embedded.tomcat.TomcatWebServer  : Tomcat initialized with port(s): 28852 (http)
?[0m?[0;34m2023-08-29 13:45:09.670  INFO 30160 --- [    Test worker] o.apache.catalina.core.StandardService   : Starting service [Tomcat]
?[0m?[0;34m2023-08-29 13:45:09.670  INFO 30160 --- [    Test worker] org.apache.catalina.core.StandardEngine  : Starting Servlet engine: [Apache Tomcat/9.0.54]
?[0m?[0;34m2023-08-29 13:45:09.754  INFO 30160 --- [    Test worker] o.a.c.c.C.[Tomcat].[localhost].[/]       : Initializing Spring embedded WebApplicationContext
?[0m?[0;34m2023-08-29 13:45:09.754  INFO 30160 --- [    Test worker] w.s.c.ServletWebServerApplicationContext : Root WebApplicationContext: initialization completed in 1369 ms
?[0m?[0;34m2023-08-29 13:45:09.848  INFO 30160 --- [    Test worker] com.zaxxer.hikari.HikariDataSource       : HikariPool-1 - Starting...
?[0m?[0;34m2023-08-29 13:45:09.992  INFO 30160 --- [    Test worker] com.zaxxer.hikari.HikariDataSource       : HikariPool-1 - Start completed.
?[0m?[0;34m2023-08-29 13:45:09.998  INFO 30160 --- [    Test worker] o.s.b.a.h2.H2ConsoleAutoConfiguration    : H2 console available at '/h2-console'. Database available at 'jdbc:h2:file:../service_db'
?[0m?[0;34m2023-08-29 13:45:10.128  INFO 30160 --- [    Test worker] o.hibernate.jpa.internal.util.LogHelper  : HHH000204: Processing PersistenceUnitInfo [name: default]
?[0m?[0;34m2023-08-29 13:45:10.171  INFO 30160 --- [    Test worker] org.hibernate.Version                    : HHH000412: Hibernate ORM core version 5.4.32.Final
?[0m?[0;34m2023-08-29 13:45:10.301  INFO 30160 --- [    Test worker] o.hibernate.annotations.common.Version   : HCANN000001: Hibernate Commons Annotations {5.1.2.Final}
?[0m?[0;34m2023-08-29 13:45:10.404  INFO 30160 --- [    Test worker] org.hibernate.dialect.Dialect            : HHH000400: Using dialect: org.hibernate.dialect.H2Dialect
?[0m?[0;34mHibernate: create table user (id bigint not null, email VARCHAR_IGNORECASE, lastname varchar(255), name varchar(255), password varchar(255), primary key (id))
?[0m?[0;34mHibernate: create sequence user_sequence start with 1 increment by 1
?[0m?[0;34m2023-08-29 13:45:10.806  INFO 30160 --- [    Test worker] o.h.e.t.j.p.i.JtaPlatformInitiator       : HHH000490: Using JtaPlatform implementation: [org.hibernate.engine.transaction.jta.platform.internal.NoJtaPlatform]
?[0m?[0;34m2023-08-29 13:45:10.814  INFO 30160 --- [    Test worker] j.LocalContainerEntityManagerFactoryBean : Initialized JPA EntityManagerFactory for persistence unit 'default'
?[0m?[0;34m2023-08-29 13:45:11.472  INFO 30160 --- [    Test worker] o.s.s.web.DefaultSecurityFilterChain     : Will secure any request with [org.springframework.security.web.context.request.async.WebAsyncManagerIntegrationFilter@6fc1a1d5, org.springframework.security.web.context.SecurityContextPersistenceFilter@14b9817b, org.springframework.security.web.header.HeaderWriterFilter@15af06f, org.springframework.security.web.authentication.logout.LogoutFilter@10b7b5f0, org.springframework.security.web.authentication.www.BasicAuthenticationFilter@1e7797db, org.springframework.security.web.savedrequest.RequestCacheAwareFilter@a2ca681, org.springframework.security.web.servletapi.SecurityContextHolderAwareRequestFilter@11a0c708, org.springframework.security.web.authentication.AnonymousAuthenticationFilter@4f8641d1, org.springframework.security.web.session.SessionManagementFilter@5aec151b, org.springframework.security.web.access.ExceptionTranslationFilter@18f794e, org.springframework.security.web.access.intercept.FilterSecurityInterceptor@260043d]
?[0m?[0;34m2023-08-29 13:45:11.508  WARN 30160 --- [    Test worker] JpaBaseConfiguration$JpaWebConfiguration : spring.jpa.open-in-view is enabled by default. Therefore, database queries may be performed during view rendering. Explicitly configure spring.jpa.open-in-view to disable this warning
?[0m?[0;34m2023-08-29 13:45:11.948  INFO 30160 --- [    Test worker] o.s.b.a.e.web.EndpointLinksResolver      : Exposing 14 endpoint(s) beneath base path '/actuator'
?[0m?[0;34m2023-08-29 13:45:11.985  INFO 30160 --- [    Test worker] o.s.b.w.embedded.tomcat.TomcatWebServer  : Tomcat started on port(s): 28852 (http) with context path ''
?[0m?[0;34m2023-08-29 13:45:11.996  INFO 30160 --- [    Test worker] account.AccountServiceApplicationKt      : Started AccountServiceApplicationKt in 3.912 seconds (JVM running for 4.652)
?[0;34m2023-08-29 13:45:12.259  INFO 30160 --- [io-28852-exec-1] o.a.c.c.C.[Tomcat].[localhost].[/]       : Initializing Spring DispatcherServlet 'dispatcherServlet'
?[0m?[0;34m2023-08-29 13:45:12.260  INFO 30160 --- [io-28852-exec-1] o.s.web.servlet.DispatcherServlet        : Initializing Servlet 'dispatcherServlet'
?[0m?[0;34m2023-08-29 13:45:12.261  INFO 30160 --- [io-28852-exec-1] o.s.web.servlet.DispatcherServlet        : Completed initialization in 1 ms
?[0m?[1;31m
Start test 2?[0m
?[0;34m2023-08-29 13:45:12.446  WARN 30160 --- [io-28852-exec-2] .w.s.m.s.DefaultHandlerExceptionResolver : Resolved [org.springframework.http.converter.HttpMessageNotReadableException: JSON parse error: Instantiation of [simple type, class account.dto.SignUpRequest] value failed for JSON property name due to missing (therefore NULL) value for creator parameter name which is a non-nullable type; nested exception is com.fasterxml.jackson.module.kotlin.MissingKotlinParameterException: Instantiation of [simple type, class account.dto.SignUpRequest] value failed for JSON property name due to missing (therefore NULL) value for creator parameter name which is a non-nullable type<LF> at [Source: (PushbackInputStream); line: 1, column: 71] (through reference chain: account.dto.SignUpRequest["name"])]
?[1;31m
Start test 3?[0m
?[1;31m
Start test 4?[0m
?[0;34m2023-08-29 13:45:12.472  WARN 30160 --- [io-28852-exec-4] .w.s.m.s.DefaultHandlerExceptionResolver : Resolved [org.springframework.http.converter.HttpMessageNotReadableException: JSON parse error: Instantiation of [simple type, class account.dto.SignUpRequest] value failed for JSON property lastname due to missing (therefore NULL) value for creator parameter lastname which is a non-nullable type; nested exception is com.fasterxml.jackson.module.kotlin.MissingKotlinParameterException: Instantiation of [simple type, class account.dto.SignUpRequest] value failed for JSON property lastname due to missing (therefore NULL) value for creator parameter lastname which is a non-nullable type<LF> at [Source: (PushbackInputStream); line: 1, column: 68] (through reference chain: account.dto.SignUpRequest["lastname"])]
?[1;31m
Start test 5?[0m
?[1;31m
Start test 6?[0m
?[0;34m2023-08-29 13:45:12.498  WARN 30160 --- [io-28852-exec-6] .w.s.m.s.DefaultHandlerExceptionResolver : Resolved [org.springframework.http.converter.HttpMessageNotReadableException: JSON parse error: Instantiation of [simple type, class account.dto.SignUpRequest] value failed for JSON property email due to missing (therefore NULL) value for creator parameter email which is a non-nullable type; nested exception is com.fasterxml.jackson.module.kotlin.MissingKotlinParameterException: Instantiation of [simple type, class account.dto.SignUpRequest] value failed for JSON property email due to missing (therefore NULL) value for creator parameter email which is a non-nullable type<LF> at [Source: (PushbackInputStream); line: 1, column: 58] (through reference chain: account.dto.SignUpRequest["email"])]
?[1;31m
Start test 7?[0m
?[1;31m
Start test 8?[0m
?[0;34m2023-08-29 13:45:12.515  WARN 30160 --- [io-28852-exec-8] .w.s.m.s.DefaultHandlerExceptionResolver : Resolved [org.springframework.http.converter.HttpMessageNotReadableException: JSON parse error: Instantiation of [simple type, class account.dto.SignUpRequest] value failed for JSON property password due to missing (therefore NULL) value for creator parameter password which is a non-nullable type; nested exception is com.fasterxml.jackson.module.kotlin.MissingKotlinParameterException: Instantiation of [simple type, class account.dto.SignUpRequest] value failed for JSON property password due to missing (therefore NULL) value for creator parameter password which is a non-nullable type<LF> at [Source: (PushbackInputStream); line: 1, column: 59] (through reference chain: account.dto.SignUpRequest["password"])]
?[1;31m
Start test 9?[0m
?[1;31m
Start test 10?[0m
?[1;31m
Start test 11?[0m
?[1;31m
Start test 12?[0m
?[0;34mHibernate: select user0_.id as id1_0_, user0_.email as email2_0_, user0_.lastname as lastname3_0_, user0_.name as name4_0_, user0_.password as password5_0_ from user user0_ where upper(user0_.email)=upper(?)
?[0m?[0;34mHibernate: call next value for user_sequence
?[0m?[0;34mHibernate: insert into user (email, lastname, name, password, id) values (?, ?, ?, ?, ?)
?[0m?[0;34mHibernate: select user0_.id as id1_0_, user0_.email as email2_0_, user0_.lastname as lastname3_0_, user0_.name as name4_0_, user0_.password as password5_0_ from user user0_ where upper(user0_.email)=upper(?)
?[1;31m
Start test 13?[0m
?[0;34mHibernate: select user0_.id as id1_0_, user0_.email as email2_0_, user0_.lastname as lastname3_0_, user0_.name as name4_0_, user0_.password as password5_0_ from user user0_ where upper(user0_.email)=upper(?)
?[1;31m
Start test 14?[0m
?[0m?[0;34mHibernate: select user0_.id as id1_0_, user0_.email as email2_0_, user0_.lastname as lastname3_0_, user0_.name as name4_0_, user0_.password as password5_0_ from user user0_ where upper(user0_.email)=upper(?)
?[1;31m
Start test 15?[0m
?[0;34mHibernate: select user0_.id as id1_0_, user0_.email as email2_0_, user0_.lastname as lastname3_0_, user0_.name as name4_0_, user0_.password as password5_0_ from user user0_ where upper(user0_.email)=upper(?)
?[1;31m
Start test 16?[0m
?[0m?[0;34mHibernate: select user0_.id as id1_0_, user0_.email as email2_0_, user0_.lastname as lastname3_0_, user0_.name as name4_0_, user0_.password as password5_0_ from user user0_ where upper(user0_.email)=upper(?)
?[0m?[0;34mHibernate: call next value for user_sequence
?[0m?[0;34mHibernate: insert into user (email, lastname, name, password, id) values (?, ?, ?, ?, ?)
?[0;34mHibernate: select user0_.id as id1_0_, user0_.email as email2_0_, user0_.lastname as lastname3_0_, user0_.name as name4_0_, user0_.password as password5_0_ from user user0_ where upper(user0_.email)=upper(?)
?[1;31m
Start test 17?[0m
?[0;34mHibernate: select user0_.id as id1_0_, user0_.email as email2_0_, user0_.lastname as lastname3_0_, user0_.name as name4_0_, user0_.password as password5_0_ from user user0_ where upper(user0_.email)=upper(?)
?[1;31m
Start test 18?[0m
?[0m?[0;34mHibernate: select user0_.id as id1_0_, user0_.email as email2_0_, user0_.lastname as lastname3_0_, user0_.name as name4_0_, user0_.password as password5_0_ from user user0_ where upper(user0_.email)=upper(?)
?[1;31m
Start test 19?[0m
?[0m?[0;34mHibernate: select user0_.id as id1_0_, user0_.email as email2_0_, user0_.lastname as lastname3_0_, user0_.name as name4_0_, user0_.password as password5_0_ from user user0_ where upper(user0_.email)=upper(?)
?[1;31m
Start test 20?[0m
?[0m?[0;34mHibernate: select user0_.id as id1_0_, user0_.email as email2_0_, user0_.lastname as lastname3_0_, user0_.name as name4_0_, user0_.password as password5_0_ from user user0_ where upper(user0_.email)=upper(?)
?[1;31m
Start test 21?[0m
?[0m?[0;34mHibernate: select user0_.id as id1_0_, user0_.email as email2_0_, user0_.lastname as lastname3_0_, user0_.name as name4_0_, user0_.password as password5_0_ from user user0_ where upper(user0_.email)=upper(?)
?[1;31m
Start test 22?[0m
?[0m?[0;34mHibernate: select user0_.id as id1_0_, user0_.email as email2_0_, user0_.lastname as lastname3_0_, user0_.name as name4_0_, user0_.password as password5_0_ from user user0_ where upper(user0_.email)=upper(?)
?[1;31m
Start test 23?[0m
?[0m?[0;34mHibernate: select user0_.id as id1_0_, user0_.email as email2_0_, user0_.lastname as lastname3_0_, user0_.name as name4_0_, user0_.password as password5_0_ from user user0_ where upper(user0_.email)=upper(?)
?[0m?[0;34mHibernate: select user0_.id as id1_0_, user0_.email as email2_0_, user0_.lastname as lastname3_0_, user0_.name as name4_0_, user0_.password as password5_0_ from user user0_ where upper(user0_.email)=upper(?)
?[1;31m
Start test 24?[0m
?[0m?[0;34mHibernate: select user0_.id as id1_0_, user0_.email as email2_0_, user0_.lastname as lastname3_0_, user0_.name as name4_0_, user0_.password as password5_0_ from user user0_ where upper(user0_.email)=upper(?)
?[1;31m
Start test 25?[0m
?[0m?[0;34mHibernate: select user0_.id as id1_0_, user0_.email as email2_0_, user0_.lastname as lastname3_0_, user0_.name as name4_0_, user0_.password as password5_0_ from user user0_ where upper(user0_.email)=upper(?)
?[0m?[0;34mHibernate: select user0_.id as id1_0_, user0_.email as email2_0_, user0_.lastname as lastname3_0_, user0_.name as name4_0_, user0_.password as password5_0_ from user user0_ where upper(user0_.email)=upper(?)
?[1;31m
Start test 26?[0m
?[0m?[0;34mHibernate: select user0_.id as id1_0_, user0_.email as email2_0_, user0_.lastname as lastname3_0_, user0_.name as name4_0_, user0_.password as password5_0_ from user user0_ where upper(user0_.email)=upper(?)
?[1;31m
Start test 27?[0m
?[1;31m
Start test 28?[0m
?[1;31m
Start test 29?[0m
?[0m?[0;34mHibernate: select user0_.id as id1_0_, user0_.email as email2_0_, user0_.lastname as lastname3_0_, user0_.name as name4_0_, user0_.password as password5_0_ from user user0_ where upper(user0_.email)=upper(?)
?[0m?[0;34mHibernate: select user0_.id as id1_0_, user0_.email as email2_0_, user0_.lastname as lastname3_0_, user0_.name as name4_0_, user0_.password as password5_0_ from user user0_ where upper(user0_.email)=upper(?)
?[1;31m
Start test 30?[0m
?[0m?[0;34mHibernate: select user0_.id as id1_0_, user0_.email as email2_0_, user0_.lastname as lastname3_0_, user0_.name as name4_0_, user0_.password as password5_0_ from user user0_ where upper(user0_.email)=upper(?)
?[0m?[0;34mHibernate: select user0_.id as id1_0_, user0_.email as email2_0_, user0_.lastname as lastname3_0_, user0_.name as name4_0_, user0_.password as password5_0_ from user user0_ where upper(user0_.email)=upper(?)
?[1;31m
Start test 31?[0m
?[0m?[0;34mHibernate: select user0_.id as id1_0_, user0_.email as email2_0_, user0_.lastname as lastname3_0_, user0_.name as name4_0_, user0_.password as password5_0_ from user user0_ where upper(user0_.email)=upper(?)
?[0m?[0;34mHibernate: select user0_.id as id1_0_, user0_.email as email2_0_, user0_.lastname as lastname3_0_, user0_.name as name4_0_, user0_.password as password5_0_ from user user0_ where upper(user0_.email)=upper(?)
?[1;31m
Start test 32?[0m
?[0m?[0;34mHibernate: select user0_.id as id1_0_, user0_.email as email2_0_, user0_.lastname as lastname3_0_, user0_.name as name4_0_, user0_.password as password5_0_ from user user0_ where upper(user0_.email)=upper(?)
?[0m?[0;34mHibernate: select user0_.id as id1_0_, user0_.email as email2_0_, user0_.lastname as lastname3_0_, user0_.name as name4_0_, user0_.password as password5_0_ from user user0_ where upper(user0_.email)=upper(?)
?[1;31m
Start test 33?[0m
?[0m?[0;34mHibernate: select user0_.id as id1_0_, user0_.email as email2_0_, user0_.lastname as lastname3_0_, user0_.name as name4_0_, user0_.password as password5_0_ from user user0_ where upper(user0_.email)=upper(?)
?[0m?[0;34mHibernate: select user0_.id as id1_0_, user0_.email as email2_0_, user0_.lastname as lastname3_0_, user0_.name as name4_0_, user0_.password as password5_0_ from user user0_ where upper(user0_.email)=upper(?)
?[1;31m
Start test 34?[0m
?[0m?[0;34mHibernate: select user0_.id as id1_0_, user0_.email as email2_0_, user0_.lastname as lastname3_0_, user0_.name as name4_0_, user0_.password as password5_0_ from user user0_ where upper(user0_.email)=upper(?)
?[0m?[0;34mHibernate: select user0_.id as id1_0_, user0_.email as email2_0_, user0_.lastname as lastname3_0_, user0_.name as name4_0_, user0_.password as password5_0_ from user user0_ where upper(user0_.email)=upper(?)
?[1;31m
Start test 35?[0m
?[0m?[0;34mHibernate: select user0_.id as id1_0_, user0_.email as email2_0_, user0_.lastname as lastname3_0_, user0_.name as name4_0_, user0_.password as password5_0_ from user user0_ where upper(user0_.email)=upper(?)
?[0m?[0;34mHibernate: select user0_.id as id1_0_, user0_.email as email2_0_, user0_.lastname as lastname3_0_, user0_.name as name4_0_, user0_.password as password5_0_ from user user0_ where upper(user0_.email)=upper(?)
?[1;31m
Start test 36?[0m
?[0m?[0;34mHibernate: select user0_.id as id1_0_, user0_.email as email2_0_, user0_.lastname as lastname3_0_, user0_.name as name4_0_, user0_.password as password5_0_ from user user0_ where upper(user0_.email)=upper(?)
?[0m?[0;34mHibernate: select user0_.id as id1_0_, user0_.email as email2_0_, user0_.lastname as lastname3_0_, user0_.name as name4_0_, user0_.password as password5_0_ from user user0_ where upper(user0_.email)=upper(?)
?[1;31m
Start test 37?[0m
?[0m?[0;34mHibernate: select user0_.id as id1_0_, user0_.email as email2_0_, user0_.lastname as lastname3_0_, user0_.name as name4_0_, user0_.password as password5_0_ from user user0_ where upper(user0_.email)=upper(?)
?[0m?[0;34mHibernate: select user0_.id as id1_0_, user0_.email as email2_0_, user0_.lastname as lastname3_0_, user0_.name as name4_0_, user0_.password as password5_0_ from user user0_ where upper(user0_.email)=upper(?)
?[1;31m
Start test 38?[0m
?[0m?[0;34mHibernate: select user0_.id as id1_0_, user0_.email as email2_0_, user0_.lastname as lastname3_0_, user0_.name as name4_0_, user0_.password as password5_0_ from user user0_ where upper(user0_.email)=upper(?)
?[0m?[0;34mHibernate: select user0_.id as id1_0_, user0_.email as email2_0_, user0_.lastname as lastname3_0_, user0_.name as name4_0_, user0_.password as password5_0_ from user user0_ where upper(user0_.email)=upper(?)
?[1;31m
Start test 39?[0m
?[0m?[0;34mHibernate: select user0_.id as id1_0_, user0_.email as email2_0_, user0_.lastname as lastname3_0_, user0_.name as name4_0_, user0_.password as password5_0_ from user user0_ where upper(user0_.email)=upper(?)
?[0m?[0;34mHibernate: select user0_.id as id1_0_, user0_.email as email2_0_, user0_.lastname as lastname3_0_, user0_.name as name4_0_, user0_.password as password5_0_ from user user0_ where upper(user0_.email)=upper(?)
?[1;31m
Start test 40?[0m
?[0m?[0;34mHibernate: select user0_.id as id1_0_, user0_.email as email2_0_, user0_.lastname as lastname3_0_, user0_.name as name4_0_, user0_.password as password5_0_ from user user0_ where upper(user0_.email)=upper(?)
?[0m?[0;34mHibernate: select user0_.id as id1_0_, user0_.email as email2_0_, user0_.lastname as lastname3_0_, user0_.name as name4_0_, user0_.password as password5_0_ from user user0_ where upper(user0_.email)=upper(?)
?[1;31m
Start test 41?[0m
?[0m?[0;34mHibernate: select user0_.id as id1_0_, user0_.email as email2_0_, user0_.lastname as lastname3_0_, user0_.name as name4_0_, user0_.password as password5_0_ from user user0_ where upper(user0_.email)=upper(?)
?[0m?[0;34mHibernate: select user0_.id as id1_0_, user0_.email as email2_0_, user0_.lastname as lastname3_0_, user0_.name as name4_0_, user0_.password as password5_0_ from user user0_ where upper(user0_.email)=upper(?)
?[1;31m
Start test 42?[0m
?[0m?[0;34mHibernate: select user0_.id as id1_0_, user0_.email as email2_0_, user0_.lastname as lastname3_0_, user0_.name as name4_0_, user0_.password as password5_0_ from user user0_ where upper(user0_.email)=upper(?)
?[0m?[0;34mHibernate: select user0_.id as id1_0_, user0_.email as email2_0_, user0_.lastname as lastname3_0_, user0_.name as name4_0_, user0_.password as password5_0_ from user user0_ where upper(user0_.email)=upper(?)
?[1;31m
Start test 43?[0m
?[0m?[0;34mHibernate: select user0_.id as id1_0_, user0_.email as email2_0_, user0_.lastname as lastname3_0_, user0_.name as name4_0_, user0_.password as password5_0_ from user user0_ where upper(user0_.email)=upper(?)
?[0m?[0;34mHibernate: select user0_.id as id1_0_, user0_.email as email2_0_, user0_.lastname as lastname3_0_, user0_.name as name4_0_, user0_.password as password5_0_ from user user0_ where upper(user0_.email)=upper(?)
?[0m?[0;34mHibernate: select user0_.id as id1_0_, user0_.email as email2_0_, user0_.lastname as lastname3_0_, user0_.name as name4_0_, user0_.password as password5_0_ from user user0_ where upper(user0_.email)=upper(?)
?[0m?[0;34mHibernate: select user0_.id as id1_0_, user0_.email as email2_0_, user0_.lastname as lastname3_0_, user0_.name as name4_0_, user0_.password as password5_0_ from user user0_ where upper(user0_.email)=upper(?)
?[0m?[0;34mHibernate: select user0_.id as id1_0_, user0_.email as email2_0_, user0_.lastname as lastname3_0_, user0_.name as name4_0_, user0_.password as password5_0_ from user user0_ where upper(user0_.email)=upper(?)
?[0m?[0;34mHibernate: select user0_.id as id1_0_, user0_.email as email2_0_, user0_.lastname as lastname3_0_, user0_.name as name4_0_, user0_.password as password5_0_ from user user0_ where upper(user0_.email)=upper(?)
?[0m?[0;34mHibernate: select user0_.id as id1_0_, user0_.email as email2_0_, user0_.lastname as lastname3_0_, user0_.name as name4_0_, user0_.password as password5_0_ from user user0_ where upper(user0_.email)=upper(?)
?[0m?[0;34mHibernate: select user0_.id as id1_0_, user0_.email as email2_0_, user0_.lastname as lastname3_0_, user0_.name as name4_0_, user0_.password as password5_0_ from user user0_ where upper(user0_.email)=upper(?)
?[0m?[0;34mHibernate: select user0_.id as id1_0_, user0_.email as email2_0_, user0_.lastname as lastname3_0_, user0_.name as name4_0_, user0_.password as password5_0_ from user user0_ where upper(user0_.email)=upper(?)
?[0m?[0;34mHibernate: select user0_.id as id1_0_, user0_.email as email2_0_, user0_.lastname as lastname3_0_, user0_.name as name4_0_, user0_.password as password5_0_ from user user0_ where upper(user0_.email)=upper(?)
?[0m?[0;34mHibernate: select user0_.id as id1_0_, user0_.email as email2_0_, user0_.lastname as lastname3_0_, user0_.name as name4_0_, user0_.password as password5_0_ from user user0_ where upper(user0_.email)=upper(?)
?[0m?[0;34mHibernate: select user0_.id as id1_0_, user0_.email as email2_0_, user0_.lastname as lastname3_0_, user0_.name as name4_0_, user0_.password as password5_0_ from user user0_ where upper(user0_.email)=upper(?)
?[1;31m
Start test 44?[0m
?[0;34m2023-08-29 13:45:38.004  INFO 30160 --- [       Thread-5] j.LocalContainerEntityManagerFactoryBean : Closing JPA EntityManagerFactory for persistence unit 'default'
?[0m?[0;34m2023-08-29 13:45:38.006  INFO 30160 --- [       Thread-5] com.zaxxer.hikari.HikariDataSource       : HikariPool-1 - Shutdown initiated...
?[0m?[0;34m2023-08-29 13:45:38.029  INFO 30160 --- [       Thread-5] com.zaxxer.hikari.HikariDataSource       : HikariPool-1 - Shutdown completed.
?[0;34m
?[0m?[0;34m  .   ____          _            __ _ _
?[0m?[0;34m /\\ / ___'_ __ _ _(_)_ __  __ _ \ \ \ \
?[0m?[0;34m( ( )\___ | '_ | '_| | '_ \/ _` | \ \ \ \
?[0m?[0;34m \\/  ___)| |_)| | | | | || (_| |  ) ) ) )
?[0m?[0;34m  '  |____| .__|_| |_|_| |_\__, | / / / /
?[0m?[0;34m =========|_|==============|___/=/_/_/_/
?[0m?[0;34m :: Spring Boot ::                (v2.5.6)
?[0m?[0;34m
?[0m?[0;34m2023-08-29 13:45:48.361  INFO 30160 --- [    Test worker] account.AccountServiceApplicationKt      : Starting AccountServiceApplicationKt using Java 17.0.7 on JAEM with PID 30160 (started by jaemc in C:\Users\jaemc\Downloads\Account Service (Kotlin)\Account Service (Kotlin)\task)
?[0m?[0;34m2023-08-29 13:45:48.361  INFO 30160 --- [    Test worker] account.AccountServiceApplicationKt      : No active profile set, falling back to default profiles: default
?[0m?[0;34m2023-08-29 13:45:48.563  INFO 30160 --- [    Test worker] .s.d.r.c.RepositoryConfigurationDelegate : Bootstrapping Spring Data JPA repositories in DEFAULT mode.
?[0m?[0;34m2023-08-29 13:45:48.572  INFO 30160 --- [    Test worker] .s.d.r.c.RepositoryConfigurationDelegate : Finished Spring Data repository scanning in 9 ms. Found 1 JPA repository interfaces.
?[0m?[0;34m2023-08-29 13:45:48.644  INFO 30160 --- [    Test worker] o.s.b.w.embedded.tomcat.TomcatWebServer  : Tomcat initialized with port(s): 28852 (http)
?[0m?[0;34m2023-08-29 13:45:48.645  INFO 30160 --- [    Test worker] o.apache.catalina.core.StandardService   : Starting service [Tomcat]
?[0m?[0;34m2023-08-29 13:45:48.645  INFO 30160 --- [    Test worker] org.apache.catalina.core.StandardEngine  : Starting Servlet engine: [Apache Tomcat/9.0.54]
?[0m?[0;34m2023-08-29 13:45:48.671  INFO 30160 --- [    Test worker] o.a.c.c.C.[Tomcat].[localhost].[/]       : Initializing Spring embedded WebApplicationContext
?[0m?[0;34m2023-08-29 13:45:48.671  INFO 30160 --- [    Test worker] w.s.c.ServletWebServerApplicationContext : Root WebApplicationContext: initialization completed in 308 ms
?[0m?[0;34m2023-08-29 13:45:48.692  INFO 30160 --- [    Test worker] com.zaxxer.hikari.HikariDataSource       : HikariPool-2 - Starting...
?[0m?[0;34m2023-08-29 13:45:48.699  INFO 30160 --- [    Test worker] com.zaxxer.hikari.HikariDataSource       : HikariPool-2 - Start completed.
?[0m?[0;34m2023-08-29 13:45:48.699  INFO 30160 --- [    Test worker] o.s.b.a.h2.H2ConsoleAutoConfiguration    : H2 console available at '/h2-console'. Database available at 'jdbc:h2:file:../service_db'
?[0m?[0;34m2023-08-29 13:45:48.725  INFO 30160 --- [    Test worker] o.hibernate.jpa.internal.util.LogHelper  : HHH000204: Processing PersistenceUnitInfo [name: default]
?[0m?[0;34m2023-08-29 13:45:48.729  INFO 30160 --- [    Test worker] org.hibernate.dialect.Dialect            : HHH000400: Using dialect: org.hibernate.dialect.H2Dialect
?[0m?[0;34m2023-08-29 13:45:48.758  INFO 30160 --- [    Test worker] o.h.e.t.j.p.i.JtaPlatformInitiator       : HHH000490: Using JtaPlatform implementation: [org.hibernate.engine.transaction.jta.platform.internal.NoJtaPlatform]
?[0m?[0;34m2023-08-29 13:45:48.759  INFO 30160 --- [    Test worker] j.LocalContainerEntityManagerFactoryBean : Initialized JPA EntityManagerFactory for persistence unit 'default'
?[0m?[0;34m2023-08-29 13:45:48.825  INFO 30160 --- [    Test worker] o.s.s.web.DefaultSecurityFilterChain     : Will secure any request with [org.springframework.security.web.context.request.async.WebAsyncManagerIntegrationFilter@7b50e70a, org.springframework.security.web.context.SecurityContextPersistenceFilter@1786e49f, org.springframework.security.web.header.HeaderWriterFilter@5f386009, org.springframework.security.web.authentication.logout.LogoutFilter@42a698bd, org.springframework.security.web.authentication.www.BasicAuthenticationFilter@70d61624, org.springframework.security.web.savedrequest.RequestCacheAwareFilter@3bfbe2a6, org.springframework.security.web.servletapi.SecurityContextHolderAwareRequestFilter@275ff5f8, org.springframework.security.web.authentication.AnonymousAuthenticationFilter@4a0161ee, org.springframework.security.web.session.SessionManagementFilter@5112858c, org.springframework.security.web.access.ExceptionTranslationFilter@41fdb59c, org.springframework.security.web.access.intercept.FilterSecurityInterceptor@bf32f3f]
?[0m?[0;34m2023-08-29 13:45:48.849  WARN 30160 --- [    Test worker] JpaBaseConfiguration$JpaWebConfiguration : spring.jpa.open-in-view is enabled by default. Therefore, database queries may be performed during view rendering. Explicitly configure spring.jpa.open-in-view to disable this warning
?[0m?[0;34m2023-08-29 13:45:48.963  INFO 30160 --- [    Test worker] o.s.b.a.e.web.EndpointLinksResolver      : Exposing 14 endpoint(s) beneath base path '/actuator'
?[0m?[0;34m2023-08-29 13:45:48.976  INFO 30160 --- [    Test worker] o.s.b.w.embedded.tomcat.TomcatWebServer  : Tomcat started on port(s): 28852 (http) with context path ''
?[0m?[0;34m2023-08-29 13:45:48.982  INFO 30160 --- [    Test worker] account.AccountServiceApplicationKt      : Started AccountServiceApplicationKt in 0.642 seconds (JVM running for 41.637)
?[0m?[1;31m
Start test 45?[0m
?[0;34m2023-08-29 13:45:48.986  INFO 30160 --- [io-28852-exec-1] o.a.c.c.C.[Tomcat].[localhost].[/]       : Initializing Spring DispatcherServlet 'dispatcherServlet'
?[0m?[0;34m2023-08-29 13:45:48.986  INFO 30160 --- [io-28852-exec-1] o.s.web.servlet.DispatcherServlet        : Initializing Servlet 'dispatcherServlet'
?[0m?[0;34m2023-08-29 13:45:48.987  INFO 30160 --- [io-28852-exec-1] o.s.web.servlet.DispatcherServlet        : Completed initialization in 1 ms
?[0m?[0;34mHibernate: select user0_.id as id1_0_, user0_.email as email2_0_, user0_.lastname as lastname3_0_, user0_.name as name4_0_, user0_.password as password5_0_ from user user0_ where upper(user0_.email)=upper(?)
?[1;31m
Start test 46?[0m
?[0;34mHibernate: select user0_.id as id1_0_, user0_.email as email2_0_, user0_.lastname as lastname3_0_, user0_.name as name4_0_, user0_.password as password5_0_ from user user0_ where upper(user0_.email)=upper(?)
?[0m?[0;34mHibernate: select user0_.id as id1_0_, user0_.email as email2_0_, user0_.lastname as lastname3_0_, user0_.name as name4_0_, user0_.password as password5_0_ from user user0_ where upper(user0_.email)=upper(?)
?[0m?[0;34mHibernate: update user set password=? where email=?
?[1;31m
Start test 47?[0m
?[0;34mHibernate: select user0_.id as id1_0_, user0_.email as email2_0_, user0_.lastname as lastname3_0_, user0_.name as name4_0_, user0_.password as password5_0_ from user user0_ where upper(user0_.email)=upper(?)
?[0m?[0;34mHibernate: select user0_.id as id1_0_, user0_.email as email2_0_, user0_.lastname as lastname3_0_, user0_.name as name4_0_, user0_.password as password5_0_ from user user0_ where upper(user0_.email)=upper(?)
?[1;31m
Start test 48?[0m
?[0;34mHibernate: select user0_.id as id1_0_, user0_.email as email2_0_, user0_.lastname as lastname3_0_, user0_.name as name4_0_, user0_.password as password5_0_ from user user0_ where upper(user0_.email)=upper(?)
?[1;31m
Start test 49?[0m
?[0;34mHibernate: select user0_.id as id1_0_, user0_.email as email2_0_, user0_.lastname as lastname3_0_, user0_.name as name4_0_, user0_.password as password5_0_ from user user0_ where upper(user0_.email)=upper(?)
?[0m?[0;34mHibernate: select user0_.id as id1_0_, user0_.email as email2_0_, user0_.lastname as lastname3_0_, user0_.name as name4_0_, user0_.password as password5_0_ from user user0_ where upper(user0_.email)=upper(?)
?[0m?[0;34mHibernate: update user set password=? where email=?
?[1;31m
Start test 50?[0m
?[0;34mHibernate: select user0_.id as id1_0_, user0_.email as email2_0_, user0_.lastname as lastname3_0_, user0_.name as name4_0_, user0_.password as password5_0_ from user user0_ where upper(user0_.email)=upper(?)
?[0m?[0;34mHibernate: select user0_.id as id1_0_, user0_.email as email2_0_, user0_.lastname as lastname3_0_, user0_.name as name4_0_, user0_.password as password5_0_ from user user0_ where upper(user0_.email)=upper(?)
?[1;31m
Start test 51?[0m
?[0;34mHibernate: select user0_.id as id1_0_, user0_.email as email2_0_, user0_.lastname as lastname3_0_, user0_.name as name4_0_, user0_.password as password5_0_ from user user0_ where upper(user0_.email)=upper(?)
]]></system-out>
  <system-err><![CDATA[]]></system-err>
</testsuite>
